VRproject2/Library/Bee/Android/Prj/IL2CPP/Gradle/unityLibrary/build/intermediates/manifest_merge_blame_file/release/manifest-merger-blame-release-report.txt
1<?xml version="1.0" encoding="utf-8"?>
2<manifest xmlns:android="http://schemas.android.com/apk/res/android"
3    xmlns:tools="http://schemas.android.com/tools"
4    package="com.unity3d.player"
5    android:installLocation="auto"
6    android:versionCode="1"
7    android:versionName="0.1" >
8
9    <uses-sdk
10        android:minSdkVersion="23"
10-->src/main/AndroidManifest.xml
11        android:targetSdkVersion="30" />
11-->src/main/AndroidManifest.xml
12
13    <uses-feature android:glEsVersion="0x00030000" />
13-->src/main/AndroidManifest.xml:25:3-52
13-->src/main/AndroidManifest.xml:25:17-49
14    <uses-feature
14-->src/main/AndroidManifest.xml:26:3-91
15        android:name="android.hardware.vulkan.version"
15-->src/main/AndroidManifest.xml:26:17-63
16        android:required="false" />
16-->src/main/AndroidManifest.xml:26:64-88
17
18    <supports-gl-texture android:name="GL_KHR_texture_compression_astc_ldr" />
18-->src/main/AndroidManifest.xml:27:3-77
18-->src/main/AndroidManifest.xml:27:24-74
19
20    <uses-permission android:name="android.permission.INTERNET" />
20-->src/main/AndroidManifest.xml:28:3-65
20-->src/main/AndroidManifest.xml:28:20-62
21    <uses-permission android:name="android.permission.RECORD_AUDIO" />
21-->src/main/AndroidManifest.xml:29:3-69
21-->src/main/AndroidManifest.xml:29:20-66
22    <uses-permission android:name="android.permission.MODIFY_AUDIO_SETTINGS" />
22-->src/main/AndroidManifest.xml:30:3-78
22-->src/main/AndroidManifest.xml:30:20-75
23
24    <uses-feature
24-->src/main/AndroidManifest.xml:31:3-87
25        android:name="android.hardware.microphone"
25-->src/main/AndroidManifest.xml:31:17-59
26        android:required="false" />
26-->src/main/AndroidManifest.xml:31:60-84
27    <uses-feature
27-->src/main/AndroidManifest.xml:32:3-88
28        android:name="android.hardware.touchscreen"
28-->src/main/AndroidManifest.xml:32:17-60
29        android:required="false" />
29-->src/main/AndroidManifest.xml:32:61-85
30    <uses-feature
30-->src/main/AndroidManifest.xml:33:3-99
31        android:name="android.hardware.touchscreen.multitouch"
31-->src/main/AndroidManifest.xml:33:17-71
32        android:required="false" />
32-->src/main/AndroidManifest.xml:33:72-96
33    <uses-feature
33-->src/main/AndroidManifest.xml:34:3-108
34        android:name="android.hardware.touchscreen.multitouch.distinct"
34-->src/main/AndroidManifest.xml:34:17-80
35        android:required="false" />
35-->src/main/AndroidManifest.xml:34:81-105
36    <uses-feature
36-->src/main/AndroidManifest.xml:35:3-111
37        android:name="android.hardware.vr.headtracking"
37-->src/main/AndroidManifest.xml:35:17-64
38        android:required="true"
38-->src/main/AndroidManifest.xml:35:85-108
39        android:version="1" />
39-->src/main/AndroidManifest.xml:35:65-84
40
41    <application
41-->src/main/AndroidManifest.xml:3:3-24:17
42        android:allowBackup="false"
42-->src/main/AndroidManifest.xml:3:114-141
43        android:extractNativeLibs="true"
43-->src/main/AndroidManifest.xml:3:16-48
44        android:icon="@mipmap/app_icon"
44-->src/main/AndroidManifest.xml:3:82-113
45        android:label="@string/app_name"
45-->src/main/AndroidManifest.xml:3:49-81
46        android:networkSecurityConfig="@xml/network_sec_config" >
46-->src/main/AndroidManifest.xml:3:142-197
47        <activity
47-->src/main/AndroidManifest.xml:4:5-13:16
48            android:name="com.unity3d.player.UnityPlayerActivity"
48-->src/main/AndroidManifest.xml:4:15-68
49            android:configChanges="keyboard|keyboardHidden|navigation|orientation|screenLayout|screenSize|uiMode"
49-->src/main/AndroidManifest.xml:4:204-305
50            android:hardwareAccelerated="false"
50-->src/main/AndroidManifest.xml:4:341-376
51            android:launchMode="singleTask"
51-->src/main/AndroidManifest.xml:4:172-203
52            android:resizeableActivity="false"
52-->src/main/AndroidManifest.xml:4:306-340
53            android:screenOrientation="landscape"
53-->src/main/AndroidManifest.xml:4:134-171
54            android:theme="@android:style/Theme.Black.NoTitleBar.Fullscreen" >
54-->src/main/AndroidManifest.xml:4:69-133
55            <intent-filter>
55-->src/main/AndroidManifest.xml:5:7-9:23
56                <action android:name="android.intent.action.MAIN" />
56-->src/main/AndroidManifest.xml:6:9-61
56-->src/main/AndroidManifest.xml:6:17-58
57
58                <category android:name="android.intent.category.LAUNCHER" />
58-->src/main/AndroidManifest.xml:7:9-69
58-->src/main/AndroidManifest.xml:7:19-66
59                <category android:name="com.oculus.intent.category.VR" />
59-->src/main/AndroidManifest.xml:8:9-66
59-->src/main/AndroidManifest.xml:8:19-63
60            </intent-filter>
61
62            <meta-data
62-->src/main/AndroidManifest.xml:10:7-82
63                android:name="unityplayer.UnityActivity"
63-->src/main/AndroidManifest.xml:10:18-58
64                android:value="true" />
64-->src/main/AndroidManifest.xml:10:59-79
65            <meta-data
65-->src/main/AndroidManifest.xml:11:7-78
66                android:name="android.notch_support"
66-->src/main/AndroidManifest.xml:11:18-54
67                android:value="true" />
67-->src/main/AndroidManifest.xml:11:55-75
68            <meta-data
68-->src/main/AndroidManifest.xml:12:7-81
69                android:name="com.oculus.vr.focusaware"
69-->src/main/AndroidManifest.xml:12:18-57
70                android:value="true" />
70-->src/main/AndroidManifest.xml:12:58-78
71        </activity>
72
73        <meta-data
73-->src/main/AndroidManifest.xml:14:5-69
74            android:name="unity.splash-mode"
74-->src/main/AndroidManifest.xml:14:16-48
75            android:value="0" />
75-->src/main/AndroidManifest.xml:14:49-66
76        <meta-data
76-->src/main/AndroidManifest.xml:15:5-74
77            android:name="unity.splash-enable"
77-->src/main/AndroidManifest.xml:15:16-50
78            android:value="True" />
78-->src/main/AndroidManifest.xml:15:51-71
79        <meta-data
79-->src/main/AndroidManifest.xml:16:5-78
80            android:name="unity.launch-fullscreen"
80-->src/main/AndroidManifest.xml:16:16-54
81            android:value="True" />
81-->src/main/AndroidManifest.xml:16:55-75
82        <meta-data
82-->src/main/AndroidManifest.xml:17:5-84
83            android:name="unity.allow-resizable-window"
83-->src/main/AndroidManifest.xml:17:16-59
84            android:value="False" />
84-->src/main/AndroidManifest.xml:17:60-81
85        <meta-data
85-->src/main/AndroidManifest.xml:18:5-81
86            android:name="notch.config"
86-->src/main/AndroidManifest.xml:18:16-43
87            android:value="portrait|landscape" />
87-->src/main/AndroidManifest.xml:18:44-78
88        <meta-data
88-->src/main/AndroidManifest.xml:19:5-97
89            android:name="com.samsung.android.vr.application.mode"
89-->src/main/AndroidManifest.xml:19:16-70
90            android:value="vr_only" />
90-->src/main/AndroidManifest.xml:19:71-94
91        <meta-data
91-->src/main/AndroidManifest.xml:20:5-91
92            android:name="com.unity.xr.oculus.LowOverheadMode"
92-->src/main/AndroidManifest.xml:20:16-66
93            android:value="false" />
93-->src/main/AndroidManifest.xml:20:67-88
94        <meta-data
94-->src/main/AndroidManifest.xml:21:5-88
95            android:name="com.unity.xr.oculus.LateLatching"
95-->src/main/AndroidManifest.xml:21:16-63
96            android:value="false" />
96-->src/main/AndroidManifest.xml:21:64-85
97        <meta-data
97-->src/main/AndroidManifest.xml:22:5-93
98            android:name="com.unity.xr.oculus.LateLatchingDebug"
98-->src/main/AndroidManifest.xml:22:16-68
99            android:value="false" />
99-->src/main/AndroidManifest.xml:22:69-90
100        <meta-data
100-->src/main/AndroidManifest.xml:23:5-90
101            android:name="com.oculus.supportedDevices"
101-->src/main/AndroidManifest.xml:23:16-58
102            android:value="quest|quest2" />
102-->src/main/AndroidManifest.xml:23:59-87
103    </application>
104
105</manifest>